[13-Apr-2025 07:03:42 UTC] PHP Warning:  mysqli_real_connect(): (HY000/1045): Access denied for user 'carrfacy_wp137'@'localhost' (using password: YES) in C:\Users\Eirik\carrey-backend\www\wp-includes\class-wpdb.php on line 1982
[13-Apr-2025 07:04:07 UTC] PHP Warning:  mysqli_real_connect(): (HY000/1045): Access denied for user 'carrfacy_wp137'@'localhost' (using password: YES) in C:\Users\Eirik\carrey-backend\www\wp-includes\class-wpdb.php on line 1982
[13-Apr-2025 07:05:21 UTC] PHP Warning:  Cannot modify header information - headers already sent by (output started at phar://C:/Users/Eirik/bin/wp/vendor/wp-cli/wp-cli/php/WP_CLI/Runner.php:1896) in C:\Users\Eirik\carrey-backend\www\wp-includes\pluggable.php on line 1435
[13-Apr-2025 07:05:21 UTC] PHP Warning:  Cannot modify header information - headers already sent by (output started at phar://C:/Users/Eirik/bin/wp/vendor/wp-cli/wp-cli/php/WP_CLI/Runner.php:1896) in C:\Users\Eirik\carrey-backend\www\wp-includes\pluggable.php on line 1438
[13-Apr-2025 07:05:43 UTC] PHP Warning:  Cannot modify header information - headers already sent by (output started at phar://C:/Users/Eirik/bin/wp/vendor/wp-cli/wp-cli/php/WP_CLI/Runner.php:1896) in C:\Users\Eirik\carrey-backend\www\wp-includes\pluggable.php on line 1435
[13-Apr-2025 07:05:43 UTC] PHP Warning:  Cannot modify header information - headers already sent by (output started at phar://C:/Users/Eirik/bin/wp/vendor/wp-cli/wp-cli/php/WP_CLI/Runner.php:1896) in C:\Users\Eirik\carrey-backend\www\wp-includes\pluggable.php on line 1438
[13-Apr-2025 07:06:02 UTC] PHP Warning:  Cannot modify header information - headers already sent by (output started at phar://C:/Users/Eirik/bin/wp/vendor/wp-cli/wp-cli/php/WP_CLI/Runner.php:1896) in C:\Users\Eirik\carrey-backend\www\wp-includes\pluggable.php on line 1435
[13-Apr-2025 07:06:02 UTC] PHP Warning:  Cannot modify header information - headers already sent by (output started at phar://C:/Users/Eirik/bin/wp/vendor/wp-cli/wp-cli/php/WP_CLI/Runner.php:1896) in C:\Users\Eirik\carrey-backend\www\wp-includes\pluggable.php on line 1438
[13-Apr-2025 07:06:22 UTC] PHP Warning:  Cannot modify header information - headers already sent by (output started at phar://C:/Users/Eirik/bin/wp/vendor/wp-cli/wp-cli/php/WP_CLI/Runner.php:1896) in C:\Users\Eirik\carrey-backend\www\wp-includes\pluggable.php on line 1435
[13-Apr-2025 07:06:22 UTC] PHP Warning:  Cannot modify header information - headers already sent by (output started at phar://C:/Users/Eirik/bin/wp/vendor/wp-cli/wp-cli/php/WP_CLI/Runner.php:1896) in C:\Users\Eirik\carrey-backend\www\wp-includes\pluggable.php on line 1438
[13-Apr-2025 07:15:12 UTC] PHP Warning:  Cannot modify header information - headers already sent by (output started at phar://C:/Users/Eirik/bin/wp/vendor/wp-cli/wp-cli/php/WP_CLI/Runner.php:1896) in C:\Users\Eirik\carrey-backend\www\wp-includes\pluggable.php on line 1435
[13-Apr-2025 07:15:12 UTC] PHP Warning:  Cannot modify header information - headers already sent by (output started at phar://C:/Users/Eirik/bin/wp/vendor/wp-cli/wp-cli/php/WP_CLI/Runner.php:1896) in C:\Users\Eirik\carrey-backend\www\wp-includes\pluggable.php on line 1438
[13-Apr-2025 07:15:37 UTC] PHP Deprecated:  Mustache_Engine::loadSource(): Implicitly marking parameter $cache as nullable is deprecated, the explicit nullable type must be used instead in phar://C:/Users/Eirik/bin/wp/vendor/mustache/mustache/src/Mustache/Engine.php on line 727
[13-Apr-2025 07:15:37 UTC] PHP Deprecated:  Mustache_Parser::buildTree(): Implicitly marking parameter $parent as nullable is deprecated, the explicit nullable type must be used instead in phar://C:/Users/Eirik/bin/wp/vendor/mustache/mustache/src/Mustache/Parser.php on line 73
[13-Apr-2025 07:22:39 UTC] PHP Warning:  Cannot modify header information - headers already sent by (output started at phar://C:/Users/Eirik/bin/wp/vendor/wp-cli/wp-cli/php/WP_CLI/Runner.php:1896) in C:\Users\Eirik\carrey-backend\www\wp-includes\pluggable.php on line 1435
[13-Apr-2025 07:22:39 UTC] PHP Warning:  Cannot modify header information - headers already sent by (output started at phar://C:/Users/Eirik/bin/wp/vendor/wp-cli/wp-cli/php/WP_CLI/Runner.php:1896) in C:\Users\Eirik\carrey-backend\www\wp-includes\pluggable.php on line 1438
[13-Apr-2025 07:22:47 UTC] PHP Warning:  Cannot modify header information - headers already sent by (output started at phar://C:/Users/Eirik/bin/wp/vendor/wp-cli/wp-cli/php/WP_CLI/Runner.php:1896) in C:\Users\Eirik\carrey-backend\www\wp-includes\pluggable.php on line 1435
[13-Apr-2025 07:22:47 UTC] PHP Warning:  Cannot modify header information - headers already sent by (output started at phar://C:/Users/Eirik/bin/wp/vendor/wp-cli/wp-cli/php/WP_CLI/Runner.php:1896) in C:\Users\Eirik\carrey-backend\www\wp-includes\pluggable.php on line 1438
[13-Apr-2025 13:05:10 UTC] PHP Warning:  Cannot modify header information - headers already sent by (output started at phar://C:/Users/Eirik/bin/wp/vendor/wp-cli/wp-cli/php/WP_CLI/Runner.php:1896) in C:\Users\Eirik\carrey-backend\www\wp-includes\pluggable.php on line 1435
[13-Apr-2025 13:05:10 UTC] PHP Warning:  Cannot modify header information - headers already sent by (output started at phar://C:/Users/Eirik/bin/wp/vendor/wp-cli/wp-cli/php/WP_CLI/Runner.php:1896) in C:\Users\Eirik\carrey-backend\www\wp-includes\pluggable.php on line 1438
[13-Apr-2025 13:10:14 UTC] PHP Deprecated:  Mustache_Engine::loadSource(): Implicitly marking parameter $cache as nullable is deprecated, the explicit nullable type must be used instead in phar://C:/Users/Eirik/bin/wp/vendor/mustache/mustache/src/Mustache/Engine.php on line 727
[13-Apr-2025 13:10:14 UTC] PHP Deprecated:  Mustache_Parser::buildTree(): Implicitly marking parameter $parent as nullable is deprecated, the explicit nullable type must be used instead in phar://C:/Users/Eirik/bin/wp/vendor/mustache/mustache/src/Mustache/Parser.php on line 73
[13-Apr-2025 13:14:28 UTC] PHP Deprecated:  Mustache_Engine::loadSource(): Implicitly marking parameter $cache as nullable is deprecated, the explicit nullable type must be used instead in phar://C:/Users/Eirik/bin/wp/vendor/mustache/mustache/src/Mustache/Engine.php on line 727
[13-Apr-2025 13:14:28 UTC] PHP Deprecated:  Mustache_Parser::buildTree(): Implicitly marking parameter $parent as nullable is deprecated, the explicit nullable type must be used instead in phar://C:/Users/Eirik/bin/wp/vendor/mustache/mustache/src/Mustache/Parser.php on line 73
[13-Apr-2025 13:14:28 UTC] PHP Deprecated:  Creation of dynamic property Post_Command::$fetcher is deprecated in phar://C:/Users/Eirik/bin/wp/vendor/wp-cli/entity-command/src/Post_Command.php on line 40
[14-Apr-2025 16:37:37 UTC] Automatic updates starting...
[14-Apr-2025 16:37:42 UTC]   Automatic plugin updates starting...
[14-Apr-2025 16:37:42 UTC]   Automatic plugin updates complete.
[14-Apr-2025 16:37:43 UTC] Automatic updates complete.
[14-Apr-2025 16:37:52 UTC] PHP Deprecated:  Function wp_update_https_detection_errors is <strong>deprecated</strong> since version 6.4.0 with no alternative available. in C:\Users\Eirik\carrey-backend\www\wp-includes\functions.php on line 6114
[14-Apr-2025 17:28:01 UTC] PHP Deprecated:  Mustache_Engine::loadSource(): Implicitly marking parameter $cache as nullable is deprecated, the explicit nullable type must be used instead in phar://C:/Users/Eirik/bin/wp/vendor/mustache/mustache/src/Mustache/Engine.php on line 727
[14-Apr-2025 17:28:01 UTC] PHP Deprecated:  Mustache_Parser::buildTree(): Implicitly marking parameter $parent as nullable is deprecated, the explicit nullable type must be used instead in phar://C:/Users/Eirik/bin/wp/vendor/mustache/mustache/src/Mustache/Parser.php on line 73
[14-Apr-2025 17:28:01 UTC] PHP Deprecated:  Creation of dynamic property User_Command::$fetcher is deprecated in phar://C:/Users/Eirik/bin/wp/vendor/wp-cli/entity-command/src/User_Command.php on line 54
[14-Apr-2025 17:28:01 UTC] PHP Deprecated:  Creation of dynamic property User_Command::$sitefetcher is deprecated in phar://C:/Users/Eirik/bin/wp/vendor/wp-cli/entity-command/src/User_Command.php on line 55
[14-Apr-2025 17:28:14 UTC] PHP Deprecated:  Mustache_Engine::loadSource(): Implicitly marking parameter $cache as nullable is deprecated, the explicit nullable type must be used instead in phar://C:/Users/Eirik/bin/wp/vendor/mustache/mustache/src/Mustache/Engine.php on line 727
[14-Apr-2025 17:28:14 UTC] PHP Deprecated:  Mustache_Parser::buildTree(): Implicitly marking parameter $parent as nullable is deprecated, the explicit nullable type must be used instead in phar://C:/Users/Eirik/bin/wp/vendor/mustache/mustache/src/Mustache/Parser.php on line 73
[14-Apr-2025 17:28:14 UTC] PHP Deprecated:  Creation of dynamic property User_Command::$fetcher is deprecated in phar://C:/Users/Eirik/bin/wp/vendor/wp-cli/entity-command/src/User_Command.php on line 54
[14-Apr-2025 17:28:14 UTC] PHP Deprecated:  Creation of dynamic property User_Command::$sitefetcher is deprecated in phar://C:/Users/Eirik/bin/wp/vendor/wp-cli/entity-command/src/User_Command.php on line 55
[14-Apr-2025 17:28:14 UTC] PHP Deprecated:  Return type of WP_CLI\Iterators\Transform::current() should either be compatible with IteratorIterator::current(): mixed, or the #[\ReturnTypeWillChange] attribute should be used to temporarily suppress the notice in phar://C:/Users/Eirik/bin/wp/vendor/wp-cli/wp-cli/php/WP_CLI/Iterators/Transform.php on line 18
[14-Apr-2025 17:28:14 UTC] PHP Deprecated:  cli\Table::__construct(): Implicitly marking parameter $headers as nullable is deprecated, the explicit nullable type must be used instead in phar://C:/Users/Eirik/bin/wp/vendor/wp-cli/php-cli-tools/lib/cli/Table.php on line 47
[14-Apr-2025 17:28:14 UTC] PHP Deprecated:  cli\Table::__construct(): Implicitly marking parameter $rows as nullable is deprecated, the explicit nullable type must be used instead in phar://C:/Users/Eirik/bin/wp/vendor/wp-cli/php-cli-tools/lib/cli/Table.php on line 47
[14-Apr-2025 17:28:14 UTC] PHP Deprecated:  cli\Table::__construct(): Implicitly marking parameter $footers as nullable is deprecated, the explicit nullable type must be used instead in phar://C:/Users/Eirik/bin/wp/vendor/wp-cli/php-cli-tools/lib/cli/Table.php on line 47
[14-Apr-2025 17:31:20 UTC] PHP Deprecated:  Mustache_Engine::loadSource(): Implicitly marking parameter $cache as nullable is deprecated, the explicit nullable type must be used instead in phar://C:/Users/Eirik/bin/wp/vendor/mustache/mustache/src/Mustache/Engine.php on line 727
[14-Apr-2025 17:31:20 UTC] PHP Deprecated:  Mustache_Parser::buildTree(): Implicitly marking parameter $parent as nullable is deprecated, the explicit nullable type must be used instead in phar://C:/Users/Eirik/bin/wp/vendor/mustache/mustache/src/Mustache/Parser.php on line 73
[14-Apr-2025 17:31:20 UTC] PHP Deprecated:  Creation of dynamic property User_Command::$fetcher is deprecated in phar://C:/Users/Eirik/bin/wp/vendor/wp-cli/entity-command/src/User_Command.php on line 54
[14-Apr-2025 17:31:20 UTC] PHP Deprecated:  Creation of dynamic property User_Command::$sitefetcher is deprecated in phar://C:/Users/Eirik/bin/wp/vendor/wp-cli/entity-command/src/User_Command.php on line 55
[14-Apr-2025 17:32:18 UTC] PHP Warning:  mysqli_real_connect(): (HY000/1045): Access denied for user 'root'@'localhost' (using password: YES) in C:\Users\Eirik\carrey-backend\www\wp-includes\class-wpdb.php on line 1982
[14-Apr-2025 17:55:30 UTC] PHP Deprecated:  Mustache_Engine::loadSource(): Implicitly marking parameter $cache as nullable is deprecated, the explicit nullable type must be used instead in phar://C:/Users/Eirik/bin/wp/vendor/mustache/mustache/src/Mustache/Engine.php on line 727
[14-Apr-2025 17:55:30 UTC] PHP Deprecated:  Mustache_Parser::buildTree(): Implicitly marking parameter $parent as nullable is deprecated, the explicit nullable type must be used instead in phar://C:/Users/Eirik/bin/wp/vendor/mustache/mustache/src/Mustache/Parser.php on line 73
[14-Apr-2025 17:55:34 UTC] PHP Deprecated:  cli\Table::__construct(): Implicitly marking parameter $headers as nullable is deprecated, the explicit nullable type must be used instead in phar://C:/Users/Eirik/bin/wp/vendor/wp-cli/php-cli-tools/lib/cli/Table.php on line 47
[14-Apr-2025 17:55:34 UTC] PHP Deprecated:  cli\Table::__construct(): Implicitly marking parameter $rows as nullable is deprecated, the explicit nullable type must be used instead in phar://C:/Users/Eirik/bin/wp/vendor/wp-cli/php-cli-tools/lib/cli/Table.php on line 47
[14-Apr-2025 17:55:34 UTC] PHP Deprecated:  cli\Table::__construct(): Implicitly marking parameter $footers as nullable is deprecated, the explicit nullable type must be used instead in phar://C:/Users/Eirik/bin/wp/vendor/wp-cli/php-cli-tools/lib/cli/Table.php on line 47
[14-Apr-2025 17:55:50 UTC] PHP Deprecated:  Mustache_Engine::loadSource(): Implicitly marking parameter $cache as nullable is deprecated, the explicit nullable type must be used instead in phar://C:/Users/Eirik/bin/wp/vendor/mustache/mustache/src/Mustache/Engine.php on line 727
[14-Apr-2025 17:55:50 UTC] PHP Deprecated:  Mustache_Parser::buildTree(): Implicitly marking parameter $parent as nullable is deprecated, the explicit nullable type must be used instead in phar://C:/Users/Eirik/bin/wp/vendor/mustache/mustache/src/Mustache/Parser.php on line 73
[14-Apr-2025 17:56:21 UTC] PHP Deprecated:  Mustache_Engine::loadSource(): Implicitly marking parameter $cache as nullable is deprecated, the explicit nullable type must be used instead in phar://C:/Users/Eirik/bin/wp/vendor/mustache/mustache/src/Mustache/Engine.php on line 727
[14-Apr-2025 17:56:21 UTC] PHP Deprecated:  Mustache_Parser::buildTree(): Implicitly marking parameter $parent as nullable is deprecated, the explicit nullable type must be used instead in phar://C:/Users/Eirik/bin/wp/vendor/mustache/mustache/src/Mustache/Parser.php on line 73
[14-Apr-2025 17:56:21 UTC] PHP Deprecated:  Creation of dynamic property Post_Command::$fetcher is deprecated in phar://C:/Users/Eirik/bin/wp/vendor/wp-cli/entity-command/src/Post_Command.php on line 40
[14-Apr-2025 17:56:35 UTC] PHP Deprecated:  Mustache_Engine::loadSource(): Implicitly marking parameter $cache as nullable is deprecated, the explicit nullable type must be used instead in phar://C:/Users/Eirik/bin/wp/vendor/mustache/mustache/src/Mustache/Engine.php on line 727
[14-Apr-2025 17:56:35 UTC] PHP Deprecated:  Mustache_Parser::buildTree(): Implicitly marking parameter $parent as nullable is deprecated, the explicit nullable type must be used instead in phar://C:/Users/Eirik/bin/wp/vendor/mustache/mustache/src/Mustache/Parser.php on line 73
[14-Apr-2025 17:56:35 UTC] PHP Deprecated:  Creation of dynamic property Post_Command::$fetcher is deprecated in phar://C:/Users/Eirik/bin/wp/vendor/wp-cli/entity-command/src/Post_Command.php on line 40
[14-Apr-2025 17:56:35 UTC] PHP Deprecated:  cli\Table::__construct(): Implicitly marking parameter $headers as nullable is deprecated, the explicit nullable type must be used instead in phar://C:/Users/Eirik/bin/wp/vendor/wp-cli/php-cli-tools/lib/cli/Table.php on line 47
[14-Apr-2025 17:56:35 UTC] PHP Deprecated:  cli\Table::__construct(): Implicitly marking parameter $rows as nullable is deprecated, the explicit nullable type must be used instead in phar://C:/Users/Eirik/bin/wp/vendor/wp-cli/php-cli-tools/lib/cli/Table.php on line 47
[14-Apr-2025 17:56:35 UTC] PHP Deprecated:  cli\Table::__construct(): Implicitly marking parameter $footers as nullable is deprecated, the explicit nullable type must be used instead in phar://C:/Users/Eirik/bin/wp/vendor/wp-cli/php-cli-tools/lib/cli/Table.php on line 47
[14-Apr-2025 17:56:51 UTC] PHP Deprecated:  Mustache_Engine::loadSource(): Implicitly marking parameter $cache as nullable is deprecated, the explicit nullable type must be used instead in phar://C:/Users/Eirik/bin/wp/vendor/mustache/mustache/src/Mustache/Engine.php on line 727
[14-Apr-2025 17:56:51 UTC] PHP Deprecated:  Mustache_Parser::buildTree(): Implicitly marking parameter $parent as nullable is deprecated, the explicit nullable type must be used instead in phar://C:/Users/Eirik/bin/wp/vendor/mustache/mustache/src/Mustache/Parser.php on line 73
[14-Apr-2025 17:56:51 UTC] PHP Deprecated:  Creation of dynamic property Post_Command::$fetcher is deprecated in phar://C:/Users/Eirik/bin/wp/vendor/wp-cli/entity-command/src/Post_Command.php on line 40
